[09:21:36] [main/INFO]: Loading Minecraft 1.21.8 with Fabric Loader 0.17.2
[09:21:37] [main/INFO]: Loading 4 mods:
	- fabricloader 0.17.2
	   \-- mixinextras 0.5.0
	- java 21
	- minecraft 1.21.8
[09:21:37] [main/INFO]: SpongePowered MIXIN Subsystem Version=0.8.7 Source=file:/C:/Users/imadu/.gradle/caches/modules-2/files-2.1/net.fabricmc/sponge-mixin/0.16.3+mixin.0.8.7/3e535042688d1265447e52ad86950b7d9678a5fa/sponge-mixin-0.16.3+mixin.0.8.7.jar Service=Knot/Fabric Env=CLIENT
[09:21:39] [Datafixer Bootstrap/INFO]: 269 Datafixer optimizations took 656 milliseconds
[09:21:40] [main/WARN]: Failed to get system info for Render Extensions
java.lang.IllegalStateException: Can't getDevice() before it was initialized
	at knot/com.mojang.blaze3d.systems.RenderSystem.getDevice(RenderSystem.java:384) ~[client-intermediary.jar:?]
	at knot/net.minecraft.client.MinecraftClient.method_68671(MinecraftClient.java:2479) ~[client-intermediary.jar:?]
	at knot/net.minecraft.util.SystemDetails.addSection(SystemDetails.java:85) [common-intermediary.jar:?]
	at knot/net.minecraft.client.MinecraftClient.addSystemDetailsToCrashReport(MinecraftClient.java:2479) [client-intermediary.jar:?]
	at knot/net.minecraft.client.MinecraftClient.addSystemDetailsToCrashReport(MinecraftClient.java:2450) [client-intermediary.jar:?]
	at knot/net.minecraft.client.main.Main.main(Main.java:201) [client-intermediary.jar:?]
	at net.fabricmc.loader.impl.game.minecraft.MinecraftGameProvider.launch(MinecraftGameProvider.java:506) [fabric-loader-0.17.2.jar:?]
	at net.fabricmc.loader.impl.launch.knot.Knot.launch(Knot.java:72) [fabric-loader-0.17.2.jar:?]
	at net.fabricmc.loader.impl.launch.knot.KnotClient.main(KnotClient.java:23) [fabric-loader-0.17.2.jar:?]
	at net.fabricmc.devlaunchinjector.Main.main(Main.java:86) [dev-launch-injector-0.2.1+build.8.jar:?]
